<?xml version="1.0" encoding="UTF-8"?>
<testsuite name="com.bridgelabz.CabInvoiceServiceTest" tests="1" skipped="0" failures="0" errors="0" timestamp="2021-06-21T01:12:47" hostname="DESKTOP-4IPP4FC" time="0.055">
  <properties/>
  <testcase name="givenMultipleRides_ShouldReturnInvoiceSummary()" classname="com.bridgelabz.CabInvoiceServiceTest" time="0.055"/>
  <system-out><![CDATA[]]></system-out>
  <system-err><![CDATA[]]></system-err>
</testsuite>
