<?xml version="1.0" encoding="UTF-8"?>
<testsuite name="com.bridgelabz.CabInvoiceServiceTest" tests="3" skipped="0" failures="0" errors="0" timestamp="2021-06-21T01:30:18" hostname="DESKTOP-4IPP4FC" time="0.063">
  <properties/>
  <testcase name="givenLessDistanceAndTime_ShouldReturnMinFare()" classname="com.bridgelabz.CabInvoiceServiceTest" time="0.052"/>
  <testcase name="givenDistanceAndTime_shouldReturn_totalFare()" classname="com.bridgelabz.CabInvoiceServiceTest" time="0.002"/>
  <testcase name="givenMultipleRides_ShouldReturnInvoiceSummary()" classname="com.bridgelabz.CabInvoiceServiceTest" time="0.005"/>
  <system-out><![CDATA[]]></system-out>
  <system-err><![CDATA[]]></system-err>
</testsuite>
