<?xml version="1.0" encoding="UTF-8"?>
<testsuite name="com.bridgelabz.CabInvoiceServiceTest" tests="1" skipped="0" failures="0" errors="0" timestamp="2021-06-21T07:57:15" hostname="DESKTOP-4IPP4FC" time="0.058">
  <properties/>
  <testcase name="givenUserIdAndRide_shouldReturnInvoiceSummary()" classname="com.bridgelabz.CabInvoiceServiceTest" time="0.058"/>
  <system-out><![CDATA[RideRepository{userRides={}}
]]></system-out>
  <system-err><![CDATA[]]></system-err>
</testsuite>
